Release 14.7 - xst P.20131013 (nt64)
Copyright (c) 1995-2013 Xilinx, Inc.  All rights reserved.
--> Parameter TMPDIR set to xst/projnav.tmp


Total REAL time to Xst completion: 0.00 secs
Total CPU time to Xst completion: 0.10 secs
 
--> Parameter xsthdpdir set to xst


Total REAL time to Xst completion: 0.00 secs
Total CPU time to Xst completion: 0.10 secs
 
--> Reading design: fetch.prj

TABLE OF CONTENTS
  1) Synthesis Options Summary
  2) HDL Parsing
  3) HDL Elaboration
  4) HDL Synthesis
       4.1) HDL Synthesis Report
  5) Advanced HDL Synthesis
       5.1) Advanced HDL Synthesis Report
  6) Low Level Synthesis
  7) Partition Report
  8) Design Summary
       8.1) Primitive and Black Box Usage
       8.2) Device utilization summary
       8.3) Partition Resource Summary
       8.4) Timing Report
            8.4.1) Clock Information
            8.4.2) Asynchronous Control Signals Information
            8.4.3) Timing Summary
            8.4.4) Timing Details
            8.4.5) Cross Clock Domains Report


=========================================================================
*                      Synthesis Options Summary                        *
=========================================================================
---- Source Parameters
Input File Name                    : "fetch.prj"
Ignore Synthesis Constraint File   : NO

---- Target Parameters
Output File Name                   : "fetch"
Output Format                      : NGC
Target Device                      : xc7a100t-3-csg324

---- Source Options
Top Module Name                    : fetch
Automatic FSM Extraction           : YES
FSM Encoding Algorithm             : Auto
Safe Implementation                : No
FSM Style                          : LUT
RAM Extraction                     : Yes
RAM Style                          : Auto
ROM Extraction                     : Yes
Shift Register Extraction          : YES
ROM Style                          : Auto
Resource Sharing                   : YES
Asynchronous To Synchronous        : NO
Shift Register Minimum Size        : 2
Use DSP Block                      : Auto
Automatic Register Balancing       : No

---- Target Options
LUT Combining                      : Auto
Reduce Control Sets                : Auto
Add IO Buffers                     : YES
Global Maximum Fanout              : 100000
Add Generic Clock Buffer(BUFG)     : 32
Register Duplication               : YES
Optimize Instantiated Primitives   : NO
Use Clock Enable                   : Auto
Use Synchronous Set                : Auto
Use Synchronous Reset              : Auto
Pack IO Registers into IOBs        : Auto
Equivalent register Removal        : YES

---- General Options
Optimization Goal                  : Speed
Optimization Effort                : 1
Power Reduction                    : NO
Keep Hierarchy                     : No
Netlist Hierarchy                  : As_Optimized
RTL Output                         : Yes
Global Optimization                : AllClockNets
Read Cores                         : YES
Write Timing Constraints           : NO
Cross Clock Analysis               : NO
Hierarchy Separator                : /
Bus Delimiter                      : <>
Case Specifier                     : Maintain
Slice Utilization Ratio            : 100
BRAM Utilization Ratio             : 100
DSP48 Utilization Ratio            : 100
Auto BRAM Packing                  : NO
Slice Utilization Ratio Delta      : 5

=========================================================================


=========================================================================
*                          HDL Parsing                                  *
=========================================================================
Analyzing Verilog file "E:\az_computer_arcituctukre\session1\fetch.v" into library work
Parsing module <fetch>.

=========================================================================
*                            HDL Elaboration                            *
=========================================================================

Elaborating module <fetch>.

=========================================================================
*                           HDL Synthesis                               *
=========================================================================

Synthesizing Unit <fetch>.
    Related source file is "E:\az_computer_arcituctukre\session1\fetch.v".
WARNING:Xst:2999 - Signal 'insmemory', unconnected in block 'fetch', is tied to its initial value.
    Found 32x32-bit single-port Read Only RAM <Mram_insmemory> for signal <insmemory>.
    Found 5-bit register for signal <address<4:0>>.
    Found 32-bit register for signal <pc>.
    Found 32-bit register for signal <instruction>.
    Found 32-bit adder for signal <adderOutput> created at line 76.
    Summary:
	inferred   1 RAM(s).
	inferred   1 Adder/Subtractor(s).
	inferred  69 D-type flip-flop(s).
	inferred   1 Multiplexer(s).
Unit <fetch> synthesized.

=========================================================================
HDL Synthesis Report

Macro Statistics
# RAMs                                                 : 1
 32x32-bit single-port Read Only RAM                   : 1
# Adders/Subtractors                                   : 1
 32-bit adder                                          : 1
# Registers                                            : 3
 32-bit register                                       : 2
 5-bit register                                        : 1
# Multiplexers                                         : 1
 32-bit 2-to-1 multiplexer                             : 1

=========================================================================

=========================================================================
*                       Advanced HDL Synthesis                          *
=========================================================================


Synthesizing (advanced) Unit <fetch>.
INFO:Xst:3231 - The small RAM <Mram_insmemory> will be implemented on LUTs in order to maximize performance and save block RAM resources. If you want to force its implementation on block, use option/constraint ram_style.
    -----------------------------------------------------------------------
    | ram_type           | Distributed                         |          |
    -----------------------------------------------------------------------
    | Port A                                                              |
    |     aspect ratio   | 32-word x 32-bit                    |          |
    |     weA            | connected to signal <GND>           | high     |
    |     addrA          | connected to signal <address>       |          |
    |     diA            | connected to signal <GND>           |          |
    |     doA            | connected to internal node          |          |
    -----------------------------------------------------------------------
Unit <fetch> synthesized (advanced).

=========================================================================
Advanced HDL Synthesis Report

Macro Statistics
# RAMs                                                 : 1
 32x32-bit single-port distributed Read Only RAM       : 1
# Adders/Subtractors                                   : 1
 32-bit adder                                          : 1
# Registers                                            : 69
 Flip-Flops                                            : 69
# Multiplexers                                         : 1
 32-bit 2-to-1 multiplexer                             : 1

=========================================================================

=========================================================================
*                         Low Level Synthesis                           *
=========================================================================
WARNING:Xst:1710 - FF/Latch <instruction_31> (without init value) has a constant value of 0 in block <fetch>. This FF/Latch will be trimmed during the optimization process.
WARNING:Xst:1895 - Due to other FF/Latch trimming, FF/Latch <instruction_30> (without init value) has a constant value of 0 in block <fetch>. This FF/Latch will be trimmed during the optimization process.
WARNING:Xst:1895 - Due to other FF/Latch trimming, FF/Latch <instruction_29> (without init value) has a constant value of 0 in block <fetch>. This FF/Latch will be trimmed during the optimization process.
WARNING:Xst:1895 - Due to other FF/Latch trimming, FF/Latch <instruction_28> (without init value) has a constant value of 0 in block <fetch>. This FF/Latch will be trimmed during the optimization process.
WARNING:Xst:1895 - Due to other FF/Latch trimming, FF/Latch <instruction_27> (without init value) has a constant value of 0 in block <fetch>. This FF/Latch will be trimmed during the optimization process.
WARNING:Xst:1895 - Due to other FF/Latch trimming, FF/Latch <instruction_26> (without init value) has a constant value of 0 in block <fetch>. This FF/Latch will be trimmed during the optimization process.
WARNING:Xst:1895 - Due to other FF/Latch trimming, FF/Latch <instruction_25> (without init value) has a constant value of 0 in block <fetch>. This FF/Latch will be trimmed during the optimization process.
WARNING:Xst:1895 - Due to other FF/Latch trimming, FF/Latch <instruction_24> (without init value) has a constant value of 0 in block <fetch>. This FF/Latch will be trimmed during the optimization process.
WARNING:Xst:1895 - Due to other FF/Latch trimming, FF/Latch <instruction_23> (without init value) has a constant value of 0 in block <fetch>. This FF/Latch will be trimmed during the optimization process.
WARNING:Xst:1895 - Due to other FF/Latch trimming, FF/Latch <instruction_22> (without init value) has a constant value of 0 in block <fetch>. This FF/Latch will be trimmed during the optimization process.
WARNING:Xst:1895 - Due to other FF/Latch trimming, FF/Latch <instruction_21> (without init value) has a constant value of 0 in block <fetch>. This FF/Latch will be trimmed during the optimization process.
WARNING:Xst:1895 - Due to other FF/Latch trimming, FF/Latch <instruction_20> (without init value) has a constant value of 0 in block <fetch>. This FF/Latch will be trimmed during the optimization process.
WARNING:Xst:1895 - Due to other FF/Latch trimming, FF/Latch <instruction_19> (without init value) has a constant value of 0 in block <fetch>. This FF/Latch will be trimmed during the optimization process.
WARNING:Xst:1895 - Due to other FF/Latch trimming, FF/Latch <instruction_18> (without init value) has a constant value of 0 in block <fetch>. This FF/Latch will be trimmed during the optimization process.
WARNING:Xst:1895 - Due to other FF/Latch trimming, FF/Latch <instruction_17> (without init value) has a constant value of 0 in block <fetch>. This FF/Latch will be trimmed during the optimization process.
WARNING:Xst:1895 - Due to other FF/Latch trimming, FF/Latch <instruction_16> (without init value) has a constant value of 0 in block <fetch>. This FF/Latch will be trimmed during the optimization process.
WARNING:Xst:1895 - Due to other FF/Latch trimming, FF/Latch <instruction_15> (without init value) has a constant value of 0 in block <fetch>. This FF/Latch will be trimmed during the optimization process.
WARNING:Xst:1895 - Due to other FF/Latch trimming, FF/Latch <instruction_14> (without init value) has a constant value of 0 in block <fetch>. This FF/Latch will be trimmed during the optimization process.
WARNING:Xst:1895 - Due to other FF/Latch trimming, FF/Latch <instruction_13> (without init value) has a constant value of 0 in block <fetch>. This FF/Latch will be trimmed during the optimization process.
WARNING:Xst:1895 - Due to other FF/Latch trimming, FF/Latch <instruction_12> (without init value) has a constant value of 0 in block <fetch>. This FF/Latch will be trimmed during the optimization process.
WARNING:Xst:1895 - Due to other FF/Latch trimming, FF/Latch <instruction_11> (without init value) has a constant value of 0 in block <fetch>. This FF/Latch will be trimmed during the optimization process.
WARNING:Xst:1895 - Due to other FF/Latch trimming, FF/Latch <instruction_10> (without init value) has a constant value of 0 in block <fetch>. This FF/Latch will be trimmed during the optimization process.
WARNING:Xst:1895 - Due to other FF/Latch trimming, FF/Latch <instruction_9> (without init value) has a constant value of 0 in block <fetch>. This FF/Latch will be trimmed during the optimization process.
WARNING:Xst:1895 - Due to other FF/Latch trimming, FF/Latch <instruction_8> (without init value) has a constant value of 0 in block <fetch>. This FF/Latch will be trimmed during the optimization process.
WARNING:Xst:1895 - Due to other FF/Latch trimming, FF/Latch <instruction_7> (without init value) has a constant value of 0 in block <fetch>. This FF/Latch will be trimmed during the optimization process.
WARNING:Xst:1895 - Due to other FF/Latch trimming, FF/Latch <instruction_6> (without init value) has a constant value of 0 in block <fetch>. This FF/Latch will be trimmed during the optimization process.
WARNING:Xst:1895 - Due to other FF/Latch trimming, FF/Latch <instruction_5> (without init value) has a constant value of 0 in block <fetch>. This FF/Latch will be trimmed during the optimization process.

Optimizing unit <fetch> ...

Mapping all equations...
Building and optimizing final netlist ...
Found area constraint ratio of 100 (+ 5) on block fetch, actual ratio is 0.

Final Macro Processing ...

Processing Unit <fetch> :
	Found 2-bit shift register for signal <instruction_0>.
	Found 2-bit shift register for signal <instruction_1>.
	Found 2-bit shift register for signal <instruction_2>.
	Found 2-bit shift register for signal <instruction_3>.
	Found 2-bit shift register for signal <instruction_4>.
Unit <fetch> processed.

=========================================================================
Final Register Report

Macro Statistics
# Registers                                            : 32
 Flip-Flops                                            : 32
# Shift Registers                                      : 5
 2-bit shift register                                  : 5

=========================================================================

=========================================================================
*                           Partition Report                            *
=========================================================================

Partition Implementation Status
-------------------------------

  No Partitions were found in this design.

-------------------------------

=========================================================================
*                            Design Summary                             *
=========================================================================

Top Level Output File Name         : fetch.ngc

Primitive and Black Box Usage:
------------------------------
# BELS                             : 128
#      GND                         : 1
#      INV                         : 1
#      LUT1                        : 30
#      LUT3                        : 32
#      MUXCY                       : 31
#      VCC                         : 1
#      XORCY                       : 32
# FlipFlops/Latches                : 37
#      FD                          : 32
#      FDE                         : 5
# Shift Registers                  : 5
#      SRLC16E                     : 5
# Clock Buffers                    : 1
#      BUFGP                       : 1
# IO Buffers                       : 97
#      IBUF                        : 33
#      OBUF                        : 64

Device utilization summary:
---------------------------

Selected Device : 7a100tcsg324-3 


Slice Logic Utilization: 
 Number of Slice Registers:              37  out of  126800     0%  
 Number of Slice LUTs:                   68  out of  63400     0%  
    Number used as Logic:                63  out of  63400     0%  
    Number used as Memory:                5  out of  19000     0%  
       Number used as SRL:                5

Slice Logic Distribution: 
 Number of LUT Flip Flop pairs used:     68
   Number with an unused Flip Flop:      31  out of     68    45%  
   Number with an unused LUT:             0  out of     68     0%  
   Number of fully used LUT-FF pairs:    37  out of     68    54%  
   Number of unique control sets:         2

IO Utilization: 
 Number of IOs:                          98
 Number of bonded IOBs:                  98  out of    210    46%  

Specific Feature Utilization:
 Number of BUFG/BUFGCTRLs:                1  out of     32     3%  

---------------------------
Partition Resource Summary:
---------------------------

  No Partitions were found in this design.

---------------------------


=========================================================================
Timing Report

NOTE: THESE TIMING NUMBERS ARE ONLY A SYNTHESIS ESTIMATE.
      FOR ACCURATE TIMING INFORMATION PLEASE REFER TO THE TRACE REPORT
      GENERATED AFTER PLACE-and-ROUTE.

Clock Information:
------------------
-----------------------------------+------------------------+-------+
Clock Signal                       | Clock buffer(FF name)  | Load  |
-----------------------------------+------------------------+-------+
clk                                | BUFGP                  | 42    |
-----------------------------------+------------------------+-------+

Asynchronous Control Signals Information:
----------------------------------------
No asynchronous control signals found in this design

Timing Summary:
---------------
Speed Grade: -3

   Minimum period: 2.575ns (Maximum Frequency: 388.350MHz)
   Minimum input arrival time before clock: 0.724ns
   Maximum output required time after clock: 2.454ns
   Maximum combinational path delay: No path found

Timing Details:
---------------
All values displayed in nanoseconds (ns)

=========================================================================
Timing constraint: Default period analysis for Clock 'clk'
  Clock period: 2.575ns (frequency: 388.350MHz)
  Total number of paths / destination ports: 538 / 42
-------------------------------------------------------------------------
Delay:               2.575ns (Levels of Logic = 34)
  Source:            pc_0 (FF)
  Destination:       pc_31 (FF)
  Source Clock:      clk rising
  Destination Clock: clk rising

  Data Path: pc_0 to pc_31
                                Gate     Net
    Cell:in->out      fanout   Delay   Delay  Logical Name (Net Name)
    ----------------------------------------  ------------
     FD:C->Q               2   0.361   0.284  pc_0 (pc_0)
     INV:I->O              1   0.113   0.000  Madd_adderOutput_lut<0>_INV_0 (Madd_adderOutput_lut<0>)
     MUXCY:S->O            1   0.353   0.000  Madd_adderOutput_cy<0> (Madd_adderOutput_cy<0>)
     MUXCY:CI->O           1   0.023   0.000  Madd_adderOutput_cy<1> (Madd_adderOutput_cy<1>)
     MUXCY:CI->O           1   0.023   0.000  Madd_adderOutput_cy<2> (Madd_adderOutput_cy<2>)
     MUXCY:CI->O           1   0.023   0.000  Madd_adderOutput_cy<3> (Madd_adderOutput_cy<3>)
     MUXCY:CI->O           1   0.023   0.000  Madd_adderOutput_cy<4> (Madd_adderOutput_cy<4>)
     MUXCY:CI->O           1   0.023   0.000  Madd_adderOutput_cy<5> (Madd_adderOutput_cy<5>)
     MUXCY:CI->O           1   0.023   0.000  Madd_adderOutput_cy<6> (Madd_adderOutput_cy<6>)
     MUXCY:CI->O           1   0.023   0.000  Madd_adderOutput_cy<7> (Madd_adderOutput_cy<7>)
     MUXCY:CI->O           1   0.023   0.000  Madd_adderOutput_cy<8> (Madd_adderOutput_cy<8>)
     MUXCY:CI->O           1   0.023   0.000  Madd_adderOutput_cy<9> (Madd_adderOutput_cy<9>)
     MUXCY:CI->O           1   0.023   0.000  Madd_adderOutput_cy<10> (Madd_adderOutput_cy<10>)
     MUXCY:CI->O           1   0.023   0.000  Madd_adderOutput_cy<11> (Madd_adderOutput_cy<11>)
     MUXCY:CI->O           1   0.023   0.000  Madd_adderOutput_cy<12> (Madd_adderOutput_cy<12>)
     MUXCY:CI->O           1   0.023   0.000  Madd_adderOutput_cy<13> (Madd_adderOutput_cy<13>)
     MUXCY:CI->O           1   0.023   0.000  Madd_adderOutput_cy<14> (Madd_adderOutput_cy<14>)
     MUXCY:CI->O           1   0.023   0.000  Madd_adderOutput_cy<15> (Madd_adderOutput_cy<15>)
     MUXCY:CI->O           1   0.023   0.000  Madd_adderOutput_cy<16> (Madd_adderOutput_cy<16>)
     MUXCY:CI->O           1   0.023   0.000  Madd_adderOutput_cy<17> (Madd_adderOutput_cy<17>)
     MUXCY:CI->O           1   0.023   0.000  Madd_adderOutput_cy<18> (Madd_adderOutput_cy<18>)
     MUXCY:CI->O           1   0.023   0.000  Madd_adderOutput_cy<19> (Madd_adderOutput_cy<19>)
     MUXCY:CI->O           1   0.023   0.000  Madd_adderOutput_cy<20> (Madd_adderOutput_cy<20>)
     MUXCY:CI->O           1   0.023   0.000  Madd_adderOutput_cy<21> (Madd_adderOutput_cy<21>)
     MUXCY:CI->O           1   0.023   0.000  Madd_adderOutput_cy<22> (Madd_adderOutput_cy<22>)
     MUXCY:CI->O           1   0.023   0.000  Madd_adderOutput_cy<23> (Madd_adderOutput_cy<23>)
     MUXCY:CI->O           1   0.023   0.000  Madd_adderOutput_cy<24> (Madd_adderOutput_cy<24>)
     MUXCY:CI->O           1   0.023   0.000  Madd_adderOutput_cy<25> (Madd_adderOutput_cy<25>)
     MUXCY:CI->O           1   0.023   0.000  Madd_adderOutput_cy<26> (Madd_adderOutput_cy<26>)
     MUXCY:CI->O           1   0.023   0.000  Madd_adderOutput_cy<27> (Madd_adderOutput_cy<27>)
     MUXCY:CI->O           1   0.023   0.000  Madd_adderOutput_cy<28> (Madd_adderOutput_cy<28>)
     MUXCY:CI->O           1   0.023   0.000  Madd_adderOutput_cy<29> (Madd_adderOutput_cy<29>)
     MUXCY:CI->O           0   0.023   0.000  Madd_adderOutput_cy<30> (Madd_adderOutput_cy<30>)
     XORCY:CI->O           2   0.370   0.299  Madd_adderOutput_xor<31> (adderOutput_31_OBUF)
     LUT3:I2->O            1   0.097   0.000  Mmux_outmux251 (outmux<31>)
     FD:D                      0.008          pc_31
    ----------------------------------------
    Total                      2.575ns (1.992ns logic, 0.583ns route)
                                       (77.4% logic, 22.6% route)

=========================================================================
Timing constraint: Default OFFSET IN BEFORE for Clock 'clk'
  Total number of paths / destination ports: 64 / 32
-------------------------------------------------------------------------
Offset:              0.724ns (Levels of Logic = 2)
  Source:            pcsrc (PAD)
  Destination:       pc_0 (FF)
  Destination Clock: clk rising

  Data Path: pcsrc to pc_0
                                Gate     Net
    Cell:in->out      fanout   Delay   Delay  Logical Name (Net Name)
    ----------------------------------------  ------------
     IBUF:I->O            32   0.001   0.618  pcsrc_IBUF (pcsrc_IBUF)
     LUT3:I0->O            1   0.097   0.000  Mmux_outmux271 (outmux<4>)
     FD:D                      0.008          pc_4
    ----------------------------------------
    Total                      0.724ns (0.106ns logic, 0.618ns route)
                                       (14.6% logic, 85.4% route)

=========================================================================
Timing constraint: Default OFFSET OUT AFTER for Clock 'clk'
  Total number of paths / destination ports: 533 / 37
-------------------------------------------------------------------------
Offset:              2.454ns (Levels of Logic = 34)
  Source:            pc_0 (FF)
  Destination:       adderOutput<31> (PAD)
  Source Clock:      clk rising

  Data Path: pc_0 to adderOutput<31>
                                Gate     Net
    Cell:in->out      fanout   Delay   Delay  Logical Name (Net Name)
    ----------------------------------------  ------------
     FD:C->Q               2   0.361   0.284  pc_0 (pc_0)
     INV:I->O              1   0.113   0.000  Madd_adderOutput_lut<0>_INV_0 (Madd_adderOutput_lut<0>)
     MUXCY:S->O            1   0.353   0.000  Madd_adderOutput_cy<0> (Madd_adderOutput_cy<0>)
     MUXCY:CI->O           1   0.023   0.000  Madd_adderOutput_cy<1> (Madd_adderOutput_cy<1>)
     MUXCY:CI->O           1   0.023   0.000  Madd_adderOutput_cy<2> (Madd_adderOutput_cy<2>)
     MUXCY:CI->O           1   0.023   0.000  Madd_adderOutput_cy<3> (Madd_adderOutput_cy<3>)
     MUXCY:CI->O           1   0.023   0.000  Madd_adderOutput_cy<4> (Madd_adderOutput_cy<4>)
     MUXCY:CI->O           1   0.023   0.000  Madd_adderOutput_cy<5> (Madd_adderOutput_cy<5>)
     MUXCY:CI->O           1   0.023   0.000  Madd_adderOutput_cy<6> (Madd_adderOutput_cy<6>)
     MUXCY:CI->O           1   0.023   0.000  Madd_adderOutput_cy<7> (Madd_adderOutput_cy<7>)
     MUXCY:CI->O           1   0.023   0.000  Madd_adderOutput_cy<8> (Madd_adderOutput_cy<8>)
     MUXCY:CI->O           1   0.023   0.000  Madd_adderOutput_cy<9> (Madd_adderOutput_cy<9>)
     MUXCY:CI->O           1   0.023   0.000  Madd_adderOutput_cy<10> (Madd_adderOutput_cy<10>)
     MUXCY:CI->O           1   0.023   0.000  Madd_adderOutput_cy<11> (Madd_adderOutput_cy<11>)
     MUXCY:CI->O           1   0.023   0.000  Madd_adderOutput_cy<12> (Madd_adderOutput_cy<12>)
     MUXCY:CI->O           1   0.023   0.000  Madd_adderOutput_cy<13> (Madd_adderOutput_cy<13>)
     MUXCY:CI->O           1   0.023   0.000  Madd_adderOutput_cy<14> (Madd_adderOutput_cy<14>)
     MUXCY:CI->O           1   0.023   0.000  Madd_adderOutput_cy<15> (Madd_adderOutput_cy<15>)
     MUXCY:CI->O           1   0.023   0.000  Madd_adderOutput_cy<16> (Madd_adderOutput_cy<16>)
     MUXCY:CI->O           1   0.023   0.000  Madd_adderOutput_cy<17> (Madd_adderOutput_cy<17>)
     MUXCY:CI->O           1   0.023   0.000  Madd_adderOutput_cy<18> (Madd_adderOutput_cy<18>)
     MUXCY:CI->O           1   0.023   0.000  Madd_adderOutput_cy<19> (Madd_adderOutput_cy<19>)
     MUXCY:CI->O           1   0.023   0.000  Madd_adderOutput_cy<20> (Madd_adderOutput_cy<20>)
     MUXCY:CI->O           1   0.023   0.000  Madd_adderOutput_cy<21> (Madd_adderOutput_cy<21>)
     MUXCY:CI->O           1   0.023   0.000  Madd_adderOutput_cy<22> (Madd_adderOutput_cy<22>)
     MUXCY:CI->O           1   0.023   0.000  Madd_adderOutput_cy<23> (Madd_adderOutput_cy<23>)
     MUXCY:CI->O           1   0.023   0.000  Madd_adderOutput_cy<24> (Madd_adderOutput_cy<24>)
     MUXCY:CI->O           1   0.023   0.000  Madd_adderOutput_cy<25> (Madd_adderOutput_cy<25>)
     MUXCY:CI->O           1   0.023   0.000  Madd_adderOutput_cy<26> (Madd_adderOutput_cy<26>)
     MUXCY:CI->O           1   0.023   0.000  Madd_adderOutput_cy<27> (Madd_adderOutput_cy<27>)
     MUXCY:CI->O           1   0.023   0.000  Madd_adderOutput_cy<28> (Madd_adderOutput_cy<28>)
     MUXCY:CI->O           1   0.023   0.000  Madd_adderOutput_cy<29> (Madd_adderOutput_cy<29>)
     MUXCY:CI->O           0   0.023   0.000  Madd_adderOutput_cy<30> (Madd_adderOutput_cy<30>)
     XORCY:CI->O           2   0.370   0.283  Madd_adderOutput_xor<31> (adderOutput_31_OBUF)
     OBUF:I->O                 0.000          adderOutput_31_OBUF (adderOutput<31>)
    ----------------------------------------
    Total                      2.454ns (1.887ns logic, 0.567ns route)
                                       (76.9% logic, 23.1% route)

=========================================================================

Cross Clock Domains Report:
--------------------------

Clock to Setup on destination clock clk
---------------+---------+---------+---------+---------+
               | Src:Rise| Src:Fall| Src:Rise| Src:Fall|
Source Clock   |Dest:Rise|Dest:Rise|Dest:Fall|Dest:Fall|
---------------+---------+---------+---------+---------+
clk            |    2.575|         |         |         |
---------------+---------+---------+---------+---------+

=========================================================================


Total REAL time to Xst completion: 9.00 secs
Total CPU time to Xst completion: 9.09 secs
 
--> 

Total memory usage is 413612 kilobytes

Number of errors   :    0 (   0 filtered)
Number of warnings :   28 (   0 filtered)
Number of infos    :    1 (   0 filtered)

